<?xml version="1.0" encoding="UTF-8"?>
<!-- Generated by org.testng.reporters.JUnitReportReporter -->
<testsuite hostname="LAPTOP-5RO5DMQB" failures="0" tests="1" name="task2.Datadriven" time="16.161" errors="0" timestamp="2024-05-13T14:27:42 IST" skipped="0">
  <testcase classname="task2.Datadriven" name="DemoProject" time="16.161"/>
  <system-out/>
</testsuite> <!-- task2.Datadriven -->
